<?xml version="1.0" encoding="UTF-8"?>
<!-- Generated by org.testng.reporters.JUnitXMLReporter -->
<testsuite hostname="DESKTOP-KI73JF1" ignored="0" name=" Test case TC 016" tests="1" failures="1" timestamp="19 Apr 2018 17:26:25 GMT" time="34.586" errors="0">
  <testcase name="TC_016Test" time="33.426" classname="com.eHo.testcases.eHO_TC_016">
    <failure type="java.lang.AssertionError" message="The following asserts failed:
	expected [Agent Domain specified , operator Equals, Deny Policy] but found [Global Domain specified,deny Policy]">
      <![CDATA[java.lang.AssertionError: The following asserts failed:
	expected [Agent Domain specified , operator Equals, Deny Policy] but found [Global Domain specified,deny Policy]
	at com.eHo.testcases.eHO_TC_016.TC_016Test(eHO_TC_016.java:84)
... Removed 26 stack frames]]>
    </failure>
  </testcase> <!-- TC_016Test -->
</testsuite> <!--  Test case TC 016 -->
