<?xml version="1.0" encoding="UTF-8"?>
<!-- Generated by org.testng.reporters.JUnitXMLReporter -->
<testsuite hostname="DESKTOP-KI73JF1" ignored="0" name=" Test case TC 015" tests="1" failures="1" timestamp="19 Apr 2018 17:25:51 GMT" time="35.131" errors="0">
  <testcase name="TC_015Test" time="33.856" classname="com.eHo.testcases.eHO_TC_015">
    <failure type="java.lang.AssertionError" message="The following asserts failed:
	expected [Record level Domain specific,Operator equals, Allow] but found [Record Domain specified , operator Not Equals, Deny Policy]">
      <![CDATA[java.lang.AssertionError: The following asserts failed:
	expected [Record level Domain specific,Operator equals, Allow] but found [Record Domain specified , operator Not Equals, Deny Policy]
	at com.eHo.testcases.eHO_TC_015.TC_015Test(eHO_TC_015.java:83)
... Removed 26 stack frames]]>
    </failure>
  </testcase> <!-- TC_015Test -->
</testsuite> <!--  Test case TC 015 -->
