<?xml version="1.0" encoding="UTF-8"?>
<!-- Generated by org.testng.reporters.JUnitXMLReporter -->
<testsuite hostname="DESKTOP-KI73JF1" ignored="0" name=" Test case TC 32" tests="1" failures="1" timestamp="10 May 2018 13:37:39 GMT" time="308.122" errors="0">
  <testcase name="TC_032Test01" time="306.531" classname="com.eHo.testcases.eHO_TC_032">
    <failure type="java.lang.AssertionError" message="The following asserts failed:
	expected [Agent Domain Deny Policy] but found [HIC-Agent Domain],
	expected [Agent Domain specified , operator Equals, Deny Policy] but found [HIC-Record Policy],
	expected [HIC-Agent Domain] but found [Global Domain Policy],
	expected [HIC-Record Policy] but found [Global Domain Policy],
	expected [Global Domain Policy] but found [Default System Directive],
	expected [false] but found [true]">
      <![CDATA[java.lang.AssertionError: The following asserts failed:
	expected [Agent Domain Deny Policy] but found [HIC-Agent Domain],
	expected [Agent Domain specified , operator Equals, Deny Policy] but found [HIC-Record Policy],
	expected [HIC-Agent Domain] but found [Global Domain Policy],
	expected [HIC-Record Policy] but found [Global Domain Policy],
	expected [Global Domain Policy] but found [Default System Directive],
	expected [false] but found [true]
	at com.eHo.testcases.eHO_TC_032.TC_032Test01(eHO_TC_032.java:518)
... Removed 26 stack frames]]>
    </failure>
  </testcase> <!-- TC_032Test01 -->
</testsuite> <!--  Test case TC 32 -->
