<?xml version="1.0" encoding="UTF-8"?>
<!-- Generated by org.testng.reporters.JUnitXMLReporter -->
<testsuite hostname="DESKTOP-KI73JF1" ignored="0" name=" Test case TC 006" tests="1" failures="1" timestamp="10 Apr 2018 15:44:20 GMT" time="38.195" errors="0">
  <testcase name="TC_006Test" time="37.177" classname="com.eHo.testcases.eHO_TC_006">
    <failure type="java.lang.AssertionError" message="The following asserts failed:
	expected [Record level Domain specific,Operator equals, Allow] but found [Agent Domain specified , operator Equals, Allow Policy]">
      <![CDATA[java.lang.AssertionError: The following asserts failed:
	expected [Record level Domain specific,Operator equals, Allow] but found [Agent Domain specified , operator Equals, Allow Policy]
	at com.eHo.testcases.eHO_TC_006.TC_006Test(eHO_TC_006.java:95)
... Removed 26 stack frames]]>
    </failure>
  </testcase> <!-- TC_006Test -->
</testsuite> <!--  Test case TC 006 -->
