-------------------------------------------------------------------------------
Test set: TestSuite
-------------------------------------------------------------------------------
Tests run: 17, Failures: 1, Errors: 0, Skipped: 0, Time elapsed: 375.924 sec <<< FAILURE! - in TestSuite
TC_026Test(com.eHo.testcases.eHO_TC_026)  Time elapsed: 23.104 sec  <<< FAILURE!
java.lang.AssertionError: 
The following asserts failed:
	expected [false] but found [true]
	at com.eHo.testcases.eHO_TC_026.TC_026Test(eHO_TC_026.java:110)

