<?xml version="1.0" encoding="UTF-8"?>
<testng-results skipped="0" failed="1" ignored="0" total="17" passed="16">
  <reporter-output>
  </reporter-output>
  <suite name="eHo Version 5.5" duration-ms="373556" started-at="2018-05-03T14:41:52Z" finished-at="2018-05-03T14:48:06Z">
    <groups>
    </groups>
    <test name=" Test case TC 002" duration-ms="41007" started-at="2018-05-03T14:41:52Z" finished-at="2018-05-03T14:42:33Z">
      <class name="com.eHo.testcases.eHO_TC_002">
        <test-method status="PASS" signature="setUp()[pri:0, instance:com.eHo.testcases.eHO_TC_002@31610302]" name="setUp" is-config="true" duration-ms="78" started-at="2018-05-03T10:41:52Z" finished-at="2018-05-03T10:41:52Z">
          <reporter-output>
          </reporter-output>
        </test-method> <!-- setUp -->
        <test-method status="PASS" signature="TC_002Test()[pri:0, instance:com.eHo.testcases.eHO_TC_002@31610302]" name="TC_002Test" duration-ms="40149" started-at="2018-05-03T10:41:52Z" finished-at="2018-05-03T10:42:33Z">
          <reporter-output>
          </reporter-output>
        </test-method> <!-- TC_002Test -->
        <test-method status="PASS" signature="tearDown(org.testng.ITestResult)[pri:0, instance:com.eHo.testcases.eHO_TC_002@31610302]" name="tearDown" is-config="true" duration-ms="765" started-at="2018-05-03T10:42:33Z" finished-at="2018-05-03T10:42:33Z">
          <params>
            <param index="0">
              <value>
                <![CDATA[[TestResult name=TC_002Test status=SUCCESS method=eHO_TC_002.TC_002Test()[pri:0, instance:com.eHo.testcases.eHO_TC_002@31610302] output={null}]]]>
              </value>
            </param>
          </params>
          <reporter-output>
          </reporter-output>
        </test-method> <!-- tearDown -->
      </class> <!-- com.eHo.testcases.eHO_TC_002 -->
    </test> <!--  Test case TC 002 -->
    <test name=" Test case TC 005" duration-ms="24340" started-at="2018-05-03T14:42:33Z" finished-at="2018-05-03T14:42:58Z">
      <class name="com.eHo.testcases.eHO_TC_005">
        <test-method status="PASS" signature="setUp()[pri:0, instance:com.eHo.testcases.eHO_TC_005@3108bc]" name="setUp" is-config="true" duration-ms="16" started-at="2018-05-03T10:42:33Z" finished-at="2018-05-03T10:42:33Z">
          <reporter-output>
          </reporter-output>
        </test-method> <!-- setUp -->
        <test-method status="PASS" signature="TC_005Test()[pri:0, instance:com.eHo.testcases.eHO_TC_005@3108bc]" name="TC_005Test" duration-ms="23771" started-at="2018-05-03T10:42:33Z" finished-at="2018-05-03T10:42:57Z">
          <reporter-output>
          </reporter-output>
        </test-method> <!-- TC_005Test -->
        <test-method status="PASS" signature="tearDown(org.testng.ITestResult)[pri:0, instance:com.eHo.testcases.eHO_TC_005@3108bc]" name="tearDown" is-config="true" duration-ms="552" started-at="2018-05-03T10:42:57Z" finished-at="2018-05-03T10:42:58Z">
          <params>
            <param index="0">
              <value>
                <![CDATA[[TestResult name=TC_005Test status=SUCCESS method=eHO_TC_005.TC_005Test()[pri:0, instance:com.eHo.testcases.eHO_TC_005@3108bc] output={null}]]]>
              </value>
            </param>
          </params>
          <reporter-output>
          </reporter-output>
        </test-method> <!-- tearDown -->
      </class> <!-- com.eHo.testcases.eHO_TC_005 -->
    </test> <!--  Test case TC 005 -->
    <test name=" Test case TC 013" duration-ms="23999" started-at="2018-05-03T14:42:58Z" finished-at="2018-05-03T14:43:22Z">
      <class name="com.eHo.testcases.eHO_TC_013">
        <test-method status="PASS" signature="setUp()[pri:0, instance:com.eHo.testcases.eHO_TC_013@18eed359]" name="setUp" is-config="true" duration-ms="15" started-at="2018-05-03T10:42:58Z" finished-at="2018-05-03T10:42:58Z">
          <reporter-output>
          </reporter-output>
        </test-method> <!-- setUp -->
        <test-method status="PASS" signature="TC_013Test()[pri:0, instance:com.eHo.testcases.eHO_TC_013@18eed359]" name="TC_013Test" duration-ms="23543" started-at="2018-05-03T10:42:58Z" finished-at="2018-05-03T10:43:21Z">
          <reporter-output>
          </reporter-output>
        </test-method> <!-- TC_013Test -->
        <test-method status="PASS" signature="tearDown(org.testng.ITestResult)[pri:0, instance:com.eHo.testcases.eHO_TC_013@18eed359]" name="tearDown" is-config="true" duration-ms="439" started-at="2018-05-03T10:43:21Z" finished-at="2018-05-03T10:43:22Z">
          <params>
            <param index="0">
              <value>
                <![CDATA[[TestResult name=TC_013Test status=SUCCESS method=eHO_TC_013.TC_013Test()[pri:0, instance:com.eHo.testcases.eHO_TC_013@18eed359] output={null}]]]>
              </value>
            </param>
          </params>
          <reporter-output>
          </reporter-output>
        </test-method> <!-- tearDown -->
      </class> <!-- com.eHo.testcases.eHO_TC_013 -->
    </test> <!--  Test case TC 013 -->
    <test name=" Test case TC 015" duration-ms="28045" started-at="2018-05-03T14:43:22Z" finished-at="2018-05-03T14:43:50Z">
      <class name="com.eHo.testcases.eHO_TC_015">
        <test-method status="PASS" signature="setUp()[pri:0, instance:com.eHo.testcases.eHO_TC_015@210366b4]" name="setUp" is-config="true" duration-ms="18" started-at="2018-05-03T10:43:22Z" finished-at="2018-05-03T10:43:22Z">
          <reporter-output>
          </reporter-output>
        </test-method> <!-- setUp -->
        <test-method status="PASS" signature="TC_015Test()[pri:0, instance:com.eHo.testcases.eHO_TC_015@210366b4]" name="TC_015Test" duration-ms="27613" started-at="2018-05-03T10:43:22Z" finished-at="2018-05-03T10:43:49Z">
          <reporter-output>
          </reporter-output>
        </test-method> <!-- TC_015Test -->
        <test-method status="PASS" signature="tearDown(org.testng.ITestResult)[pri:0, instance:com.eHo.testcases.eHO_TC_015@210366b4]" name="tearDown" is-config="true" duration-ms="413" started-at="2018-05-03T10:43:49Z" finished-at="2018-05-03T10:43:50Z">
          <params>
            <param index="0">
              <value>
                <![CDATA[[TestResult name=TC_015Test status=SUCCESS method=eHO_TC_015.TC_015Test()[pri:0, instance:com.eHo.testcases.eHO_TC_015@210366b4] output={null}]]]>
              </value>
            </param>
          </params>
          <reporter-output>
          </reporter-output>
        </test-method> <!-- tearDown -->
      </class> <!-- com.eHo.testcases.eHO_TC_015 -->
    </test> <!--  Test case TC 015 -->
    <test name=" Test case TC 016" duration-ms="17384" started-at="2018-05-03T14:43:50Z" finished-at="2018-05-03T14:44:07Z">
      <class name="com.eHo.testcases.eHO_TC_016">
        <test-method status="PASS" signature="setUp()[pri:0, instance:com.eHo.testcases.eHO_TC_016@4b4523f8]" name="setUp" is-config="true" duration-ms="37" started-at="2018-05-03T10:43:50Z" finished-at="2018-05-03T10:43:50Z">
          <reporter-output>
          </reporter-output>
        </test-method> <!-- setUp -->
        <test-method status="PASS" signature="TC_016Test()[pri:0, instance:com.eHo.testcases.eHO_TC_016@4b4523f8]" name="TC_016Test" duration-ms="16955" started-at="2018-05-03T10:43:50Z" finished-at="2018-05-03T10:44:07Z">
          <reporter-output>
          </reporter-output>
        </test-method> <!-- TC_016Test -->
        <test-method status="PASS" signature="tearDown(org.testng.ITestResult)[pri:0, instance:com.eHo.testcases.eHO_TC_016@4b4523f8]" name="tearDown" is-config="true" duration-ms="392" started-at="2018-05-03T10:44:07Z" finished-at="2018-05-03T10:44:07Z">
          <params>
            <param index="0">
              <value>
                <![CDATA[[TestResult name=TC_016Test status=SUCCESS method=eHO_TC_016.TC_016Test()[pri:0, instance:com.eHo.testcases.eHO_TC_016@4b4523f8] output={null}]]]>
              </value>
            </param>
          </params>
          <reporter-output>
          </reporter-output>
        </test-method> <!-- tearDown -->
      </class> <!-- com.eHo.testcases.eHO_TC_016 -->
    </test> <!--  Test case TC 016 -->
    <test name=" Test case TC 018" duration-ms="17298" started-at="2018-05-03T14:44:07Z" finished-at="2018-05-03T14:44:25Z">
      <class name="com.eHo.testcases.eHO_TC_018">
        <test-method status="PASS" signature="setUp()[pri:0, instance:com.eHo.testcases.eHO_TC_018@6325a3ee]" name="setUp" is-config="true" duration-ms="15" started-at="2018-05-03T10:44:07Z" finished-at="2018-05-03T10:44:07Z">
          <reporter-output>
          </reporter-output>
        </test-method> <!-- setUp -->
        <test-method status="PASS" signature="TC_018Test()[pri:0, instance:com.eHo.testcases.eHO_TC_018@6325a3ee]" name="TC_018Test" duration-ms="16866" started-at="2018-05-03T10:44:07Z" finished-at="2018-05-03T10:44:24Z">
          <reporter-output>
          </reporter-output>
        </test-method> <!-- TC_018Test -->
        <test-method status="PASS" signature="tearDown(org.testng.ITestResult)[pri:0, instance:com.eHo.testcases.eHO_TC_018@6325a3ee]" name="tearDown" is-config="true" duration-ms="416" started-at="2018-05-03T10:44:24Z" finished-at="2018-05-03T10:44:25Z">
          <params>
            <param index="0">
              <value>
                <![CDATA[[TestResult name=TC_018Test status=SUCCESS method=eHO_TC_018.TC_018Test()[pri:0, instance:com.eHo.testcases.eHO_TC_018@6325a3ee] output={null}]]]>
              </value>
            </param>
          </params>
          <reporter-output>
          </reporter-output>
        </test-method> <!-- tearDown -->
      </class> <!-- com.eHo.testcases.eHO_TC_018 -->
    </test> <!--  Test case TC 018 -->
    <test name=" Test case TC 019" duration-ms="18107" started-at="2018-05-03T14:44:25Z" finished-at="2018-05-03T14:44:43Z">
      <class name="com.eHo.testcases.eHO_TC_019">
        <test-method status="PASS" signature="setUp()[pri:0, instance:com.eHo.testcases.eHO_TC_019@7b49cea0]" name="setUp" is-config="true" duration-ms="42" started-at="2018-05-03T10:44:25Z" finished-at="2018-05-03T10:44:25Z">
          <reporter-output>
          </reporter-output>
        </test-method> <!-- setUp -->
        <test-method status="PASS" signature="TC_019Test()[pri:0, instance:com.eHo.testcases.eHO_TC_019@7b49cea0]" name="TC_019Test" duration-ms="17692" started-at="2018-05-03T10:44:25Z" finished-at="2018-05-03T10:44:42Z">
          <reporter-output>
          </reporter-output>
        </test-method> <!-- TC_019Test -->
        <test-method status="PASS" signature="tearDown(org.testng.ITestResult)[pri:0, instance:com.eHo.testcases.eHO_TC_019@7b49cea0]" name="tearDown" is-config="true" duration-ms="372" started-at="2018-05-03T10:44:42Z" finished-at="2018-05-03T10:44:43Z">
          <params>
            <param index="0">
              <value>
                <![CDATA[[TestResult name=TC_019Test status=SUCCESS method=eHO_TC_019.TC_019Test()[pri:0, instance:com.eHo.testcases.eHO_TC_019@7b49cea0] output={null}]]]>
              </value>
            </param>
          </params>
          <reporter-output>
          </reporter-output>
        </test-method> <!-- tearDown -->
      </class> <!-- com.eHo.testcases.eHO_TC_019 -->
    </test> <!--  Test case TC 019 -->
    <test name=" Test case TC 020" duration-ms="22416" started-at="2018-05-03T14:44:43Z" finished-at="2018-05-03T14:45:05Z">
      <class name="com.eHo.testcases.eHO_TC_020">
        <test-method status="PASS" signature="setUp()[pri:0, instance:com.eHo.testcases.eHO_TC_020@43814d18]" name="setUp" is-config="true" duration-ms="17" started-at="2018-05-03T10:44:43Z" finished-at="2018-05-03T10:44:43Z">
          <reporter-output>
          </reporter-output>
        </test-method> <!-- setUp -->
        <test-method status="PASS" signature="TC_020Test()[pri:0, instance:com.eHo.testcases.eHO_TC_020@43814d18]" name="TC_020Test" duration-ms="21977" started-at="2018-05-03T10:44:43Z" finished-at="2018-05-03T10:45:05Z">
          <reporter-output>
          </reporter-output>
        </test-method> <!-- TC_020Test -->
        <test-method status="PASS" signature="tearDown(org.testng.ITestResult)[pri:0, instance:com.eHo.testcases.eHO_TC_020@43814d18]" name="tearDown" is-config="true" duration-ms="421" started-at="2018-05-03T10:45:05Z" finished-at="2018-05-03T10:45:05Z">
          <params>
            <param index="0">
              <value>
                <![CDATA[[TestResult name=TC_020Test status=SUCCESS method=eHO_TC_020.TC_020Test()[pri:0, instance:com.eHo.testcases.eHO_TC_020@43814d18] output={null}]]]>
              </value>
            </param>
          </params>
          <reporter-output>
          </reporter-output>
        </test-method> <!-- tearDown -->
      </class> <!-- com.eHo.testcases.eHO_TC_020 -->
    </test> <!--  Test case TC 020 -->
    <test name=" Test case TC 021" duration-ms="21048" started-at="2018-05-03T14:45:05Z" finished-at="2018-05-03T14:45:26Z">
      <class name="com.eHo.testcases.eHO_TC_021">
        <test-method status="PASS" signature="setUp()[pri:0, instance:com.eHo.testcases.eHO_TC_021@578486a3]" name="setUp" is-config="true" duration-ms="15" started-at="2018-05-03T10:45:05Z" finished-at="2018-05-03T10:45:05Z">
          <reporter-output>
          </reporter-output>
        </test-method> <!-- setUp -->
        <test-method status="PASS" signature="TC_021Test()[pri:0, instance:com.eHo.testcases.eHO_TC_021@578486a3]" name="TC_021Test" duration-ms="20667" started-at="2018-05-03T10:45:05Z" finished-at="2018-05-03T10:45:26Z">
          <reporter-output>
          </reporter-output>
        </test-method> <!-- TC_021Test -->
        <test-method status="PASS" signature="tearDown(org.testng.ITestResult)[pri:0, instance:com.eHo.testcases.eHO_TC_021@578486a3]" name="tearDown" is-config="true" duration-ms="366" started-at="2018-05-03T10:45:26Z" finished-at="2018-05-03T10:45:26Z">
          <params>
            <param index="0">
              <value>
                <![CDATA[[TestResult name=TC_021Test status=SUCCESS method=eHO_TC_021.TC_021Test()[pri:0, instance:com.eHo.testcases.eHO_TC_021@578486a3] output={null}]]]>
              </value>
            </param>
          </params>
          <reporter-output>
          </reporter-output>
        </test-method> <!-- tearDown -->
      </class> <!-- com.eHo.testcases.eHO_TC_021 -->
    </test> <!--  Test case TC 021 -->
    <test name=" Test case TC 022" duration-ms="20943" started-at="2018-05-03T14:45:26Z" finished-at="2018-05-03T14:45:47Z">
      <class name="com.eHo.testcases.eHO_TC_022">
        <test-method status="PASS" signature="setUp()[pri:0, instance:com.eHo.testcases.eHO_TC_022@3cef309d]" name="setUp" is-config="true" duration-ms="31" started-at="2018-05-03T10:45:26Z" finished-at="2018-05-03T10:45:26Z">
          <reporter-output>
          </reporter-output>
        </test-method> <!-- setUp -->
        <test-method status="PASS" signature="TC_022Test()[pri:0, instance:com.eHo.testcases.eHO_TC_022@3cef309d]" name="TC_022Test" duration-ms="20218" started-at="2018-05-03T10:45:26Z" finished-at="2018-05-03T10:45:47Z">
          <reporter-output>
          </reporter-output>
        </test-method> <!-- TC_022Test -->
        <test-method status="PASS" signature="tearDown(org.testng.ITestResult)[pri:0, instance:com.eHo.testcases.eHO_TC_022@3cef309d]" name="tearDown" is-config="true" duration-ms="693" started-at="2018-05-03T10:45:47Z" finished-at="2018-05-03T10:45:47Z">
          <params>
            <param index="0">
              <value>
                <![CDATA[[TestResult name=TC_022Test status=SUCCESS method=eHO_TC_022.TC_022Test()[pri:0, instance:com.eHo.testcases.eHO_TC_022@3cef309d] output={null}]]]>
              </value>
            </param>
          </params>
          <reporter-output>
          </reporter-output>
        </test-method> <!-- tearDown -->
      </class> <!-- com.eHo.testcases.eHO_TC_022 -->
    </test> <!--  Test case TC 022 -->
    <test name=" Test case TC 023" duration-ms="27685" started-at="2018-05-03T14:45:47Z" finished-at="2018-05-03T14:46:15Z">
      <class name="com.eHo.testcases.eHO_TC_023">
        <test-method status="PASS" signature="setUp()[pri:0, instance:com.eHo.testcases.eHO_TC_023@6321e813]" name="setUp" is-config="true" duration-ms="24" started-at="2018-05-03T10:45:47Z" finished-at="2018-05-03T10:45:47Z">
          <reporter-output>
          </reporter-output>
        </test-method> <!-- setUp -->
        <test-method status="PASS" signature="TC_023Test()[pri:0, instance:com.eHo.testcases.eHO_TC_023@6321e813]" name="TC_023Test" duration-ms="27243" started-at="2018-05-03T10:45:47Z" finished-at="2018-05-03T10:46:14Z">
          <reporter-output>
          </reporter-output>
        </test-method> <!-- TC_023Test -->
        <test-method status="PASS" signature="tearDown(org.testng.ITestResult)[pri:0, instance:com.eHo.testcases.eHO_TC_023@6321e813]" name="tearDown" is-config="true" duration-ms="417" started-at="2018-05-03T10:46:14Z" finished-at="2018-05-03T10:46:15Z">
          <params>
            <param index="0">
              <value>
                <![CDATA[[TestResult name=TC_023Test status=SUCCESS method=eHO_TC_023.TC_023Test()[pri:0, instance:com.eHo.testcases.eHO_TC_023@6321e813] output={null}]]]>
              </value>
            </param>
          </params>
          <reporter-output>
          </reporter-output>
        </test-method> <!-- tearDown -->
      </class> <!-- com.eHo.testcases.eHO_TC_023 -->
    </test> <!--  Test case TC 023 -->
    <test name=" Test case TC 024" duration-ms="20882" started-at="2018-05-03T14:46:15Z" finished-at="2018-05-03T14:46:36Z">
      <class name="com.eHo.testcases.eHO_TC_024">
        <test-method status="PASS" signature="setUp()[pri:0, instance:com.eHo.testcases.eHO_TC_024@7494e528]" name="setUp" is-config="true" duration-ms="17" started-at="2018-05-03T10:46:15Z" finished-at="2018-05-03T10:46:15Z">
          <reporter-output>
          </reporter-output>
        </test-method> <!-- setUp -->
        <test-method status="PASS" signature="TC_024Test()[pri:0, instance:com.eHo.testcases.eHO_TC_024@7494e528]" name="TC_024Test" duration-ms="20531" started-at="2018-05-03T10:46:15Z" finished-at="2018-05-03T10:46:35Z">
          <reporter-output>
          </reporter-output>
        </test-method> <!-- TC_024Test -->
        <test-method status="PASS" signature="tearDown(org.testng.ITestResult)[pri:0, instance:com.eHo.testcases.eHO_TC_024@7494e528]" name="tearDown" is-config="true" duration-ms="334" started-at="2018-05-03T10:46:35Z" finished-at="2018-05-03T10:46:36Z">
          <params>
            <param index="0">
              <value>
                <![CDATA[[TestResult name=TC_024Test status=SUCCESS method=eHO_TC_024.TC_024Test()[pri:0, instance:com.eHo.testcases.eHO_TC_024@7494e528] output={null}]]]>
              </value>
            </param>
          </params>
          <reporter-output>
          </reporter-output>
        </test-method> <!-- tearDown -->
      </class> <!-- com.eHo.testcases.eHO_TC_024 -->
    </test> <!--  Test case TC 024 -->
    <test name=" Test case TC 025" duration-ms="11214" started-at="2018-05-03T14:46:36Z" finished-at="2018-05-03T14:46:47Z">
      <class name="com.eHo.testcases.eHO_TC_025">
        <test-method status="PASS" signature="setUp()[pri:0, instance:com.eHo.testcases.eHO_TC_025@67205a84]" name="setUp" is-config="true" duration-ms="35" started-at="2018-05-03T10:46:36Z" finished-at="2018-05-03T10:46:36Z">
          <reporter-output>
          </reporter-output>
        </test-method> <!-- setUp -->
        <test-method status="PASS" signature="TC_025Test()[pri:0, instance:com.eHo.testcases.eHO_TC_025@67205a84]" name="TC_025Test" duration-ms="10791" started-at="2018-05-03T10:46:36Z" finished-at="2018-05-03T10:46:47Z">
          <reporter-output>
          </reporter-output>
        </test-method> <!-- TC_025Test -->
        <test-method status="PASS" signature="tearDown(org.testng.ITestResult)[pri:0, instance:com.eHo.testcases.eHO_TC_025@67205a84]" name="tearDown" is-config="true" duration-ms="388" started-at="2018-05-03T10:46:47Z" finished-at="2018-05-03T10:46:47Z">
          <params>
            <param index="0">
              <value>
                <![CDATA[[TestResult name=TC_025Test status=SUCCESS method=eHO_TC_025.TC_025Test()[pri:0, instance:com.eHo.testcases.eHO_TC_025@67205a84] output={null}]]]>
              </value>
            </param>
          </params>
          <reporter-output>
          </reporter-output>
        </test-method> <!-- tearDown -->
      </class> <!-- com.eHo.testcases.eHO_TC_025 -->
    </test> <!--  Test case TC 025 -->
    <test name=" Test case TC 026" duration-ms="23694" started-at="2018-05-03T14:46:47Z" finished-at="2018-05-03T14:47:11Z">
      <class name="com.eHo.testcases.eHO_TC_026">
        <test-method status="PASS" signature="setUp()[pri:0, instance:com.eHo.testcases.eHO_TC_026@614ddd49]" name="setUp" is-config="true" duration-ms="18" started-at="2018-05-03T10:46:47Z" finished-at="2018-05-03T10:46:47Z">
          <reporter-output>
          </reporter-output>
        </test-method> <!-- setUp -->
        <test-method status="FAIL" signature="TC_026Test()[pri:0, instance:com.eHo.testcases.eHO_TC_026@614ddd49]" name="TC_026Test" duration-ms="23084" started-at="2018-05-03T10:46:47Z" finished-at="2018-05-03T10:47:10Z">
          <exception class="java.lang.AssertionError">
            <message>
              <![CDATA[The following asserts failed:
	expected [false] but found [true]]]>
            </message>
            <full-stacktrace>
              <![CDATA[java.lang.AssertionError: The following asserts failed:
	expected [false] but found [true]
	at org.testng.asserts.SoftAssert.assertAll(SoftAssert.java:43)
	at com.eHo.testcases.eHO_TC_026.TC_026Test(eHO_TC_026.java:110)
	at sun.reflect.NativeMethodAccessorImpl.invoke0(Native Method)
	at sun.reflect.NativeMethodAccessorImpl.invoke(NativeMethodAccessorImpl.java:62)
	at sun.reflect.DelegatingMethodAccessorImpl.invoke(DelegatingMethodAccessorImpl.java:43)
	at java.lang.reflect.Method.invoke(Method.java:498)
	at org.testng.internal.MethodInvocationHelper.invokeMethod(MethodInvocationHelper.java:104)
	at org.testng.internal.Invoker.invokeMethod(Invoker.java:645)
	at org.testng.internal.Invoker.invokeTestMethod(Invoker.java:851)
	at org.testng.internal.Invoker.invokeTestMethods(Invoker.java:1177)
	at org.testng.internal.TestMethodWorker.invokeTestMethods(TestMethodWorker.java:129)
	at org.testng.internal.TestMethodWorker.run(TestMethodWorker.java:112)
	at org.testng.TestRunner.privateRun(TestRunner.java:756)
	at org.testng.TestRunner.run(TestRunner.java:610)
	at org.testng.SuiteRunner.runTest(SuiteRunner.java:387)
	at org.testng.SuiteRunner.runSequentially(SuiteRunner.java:382)
	at org.testng.SuiteRunner.privateRun(SuiteRunner.java:340)
	at org.testng.SuiteRunner.run(SuiteRunner.java:289)
	at org.testng.SuiteRunnerWorker.runSuite(SuiteRunnerWorker.java:52)
	at org.testng.SuiteRunnerWorker.run(SuiteRunnerWorker.java:86)
	at org.testng.TestNG.runSuitesSequentially(TestNG.java:1293)
	at org.testng.TestNG.runSuitesLocally(TestNG.java:1218)
	at org.testng.TestNG.runSuites(TestNG.java:1133)
	at org.testng.TestNG.run(TestNG.java:1104)
	at org.apache.maven.surefire.testng.TestNGExecutor.run(TestNGExecutor.java:281)
	at org.apache.maven.surefire.testng.TestNGXmlTestSuite.execute(TestNGXmlTestSuite.java:75)
	at org.apache.maven.surefire.testng.TestNGProvider.invoke(TestNGProvider.java:121)
	at org.apache.maven.surefire.booter.ForkedBooter.invokeProviderInSameClassLoader(ForkedBooter.java:290)
	at org.apache.maven.surefire.booter.ForkedBooter.runSuitesInProcess(ForkedBooter.java:242)
	at org.apache.maven.surefire.booter.ForkedBooter.main(ForkedBooter.java:121)
]]>
            </full-stacktrace>
          </exception> <!-- java.lang.AssertionError -->
          <reporter-output>
          </reporter-output>
        </test-method> <!-- TC_026Test -->
        <test-method status="PASS" signature="tearDown(org.testng.ITestResult)[pri:0, instance:com.eHo.testcases.eHO_TC_026@614ddd49]" name="tearDown" is-config="true" duration-ms="573" started-at="2018-05-03T10:47:10Z" finished-at="2018-05-03T10:47:11Z">
          <params>
            <param index="0">
              <value>
                <![CDATA[[TestResult name=TC_026Test status=FAILURE method=eHO_TC_026.TC_026Test()[pri:0, instance:com.eHo.testcases.eHO_TC_026@614ddd49] output={null}]]]>
              </value>
            </param>
          </params>
          <reporter-output>
          </reporter-output>
        </test-method> <!-- tearDown -->
      </class> <!-- com.eHo.testcases.eHO_TC_026 -->
    </test> <!--  Test case TC 026 -->
    <test name=" Test case TC 027" duration-ms="13239" started-at="2018-05-03T14:47:11Z" finished-at="2018-05-03T14:47:24Z">
      <class name="com.eHo.testcases.eHO_TC_027">
        <test-method status="PASS" signature="setUp()[pri:0, instance:com.eHo.testcases.eHO_TC_027@711f39f9]" name="setUp" is-config="true" duration-ms="23" started-at="2018-05-03T10:47:11Z" finished-at="2018-05-03T10:47:11Z">
          <reporter-output>
          </reporter-output>
        </test-method> <!-- setUp -->
        <test-method status="PASS" signature="TC_027Test()[pri:0, instance:com.eHo.testcases.eHO_TC_027@711f39f9]" name="TC_027Test" duration-ms="12555" started-at="2018-05-03T10:47:11Z" finished-at="2018-05-03T10:47:23Z">
          <reporter-output>
          </reporter-output>
        </test-method> <!-- TC_027Test -->
        <test-method status="PASS" signature="tearDown(org.testng.ITestResult)[pri:0, instance:com.eHo.testcases.eHO_TC_027@711f39f9]" name="tearDown" is-config="true" duration-ms="661" started-at="2018-05-03T10:47:23Z" finished-at="2018-05-03T10:47:24Z">
          <params>
            <param index="0">
              <value>
                <![CDATA[[TestResult name=TC_027Test status=SUCCESS method=eHO_TC_027.TC_027Test()[pri:0, instance:com.eHo.testcases.eHO_TC_027@711f39f9] output={null}]]]>
              </value>
            </param>
          </params>
          <reporter-output>
          </reporter-output>
        </test-method> <!-- tearDown -->
      </class> <!-- com.eHo.testcases.eHO_TC_027 -->
    </test> <!--  Test case TC 027 -->
    <test name=" Test case TC 028" duration-ms="24155" started-at="2018-05-03T14:47:24Z" finished-at="2018-05-03T14:47:48Z">
      <class name="com.eHo.testcases.eHO_TC_028">
        <test-method status="PASS" signature="setUp()[pri:0, instance:com.eHo.testcases.eHO_TC_028@4e7dc304]" name="setUp" is-config="true" duration-ms="36" started-at="2018-05-03T10:47:24Z" finished-at="2018-05-03T10:47:24Z">
          <reporter-output>
          </reporter-output>
        </test-method> <!-- setUp -->
        <test-method status="PASS" signature="TC_028Test()[pri:0, instance:com.eHo.testcases.eHO_TC_028@4e7dc304]" name="TC_028Test" duration-ms="23598" started-at="2018-05-03T10:47:24Z" finished-at="2018-05-03T10:47:48Z">
          <reporter-output>
          </reporter-output>
        </test-method> <!-- TC_028Test -->
        <test-method status="PASS" signature="tearDown(org.testng.ITestResult)[pri:0, instance:com.eHo.testcases.eHO_TC_028@4e7dc304]" name="tearDown" is-config="true" duration-ms="521" started-at="2018-05-03T10:47:48Z" finished-at="2018-05-03T10:47:48Z">
          <params>
            <param index="0">
              <value>
                <![CDATA[[TestResult name=TC_028Test status=SUCCESS method=eHO_TC_028.TC_028Test()[pri:0, instance:com.eHo.testcases.eHO_TC_028@4e7dc304] output={null}]]]>
              </value>
            </param>
          </params>
          <reporter-output>
          </reporter-output>
        </test-method> <!-- tearDown -->
      </class> <!-- com.eHo.testcases.eHO_TC_028 -->
    </test> <!--  Test case TC 028 -->
    <test name=" Test case TC 29" duration-ms="17675" started-at="2018-05-03T14:47:48Z" finished-at="2018-05-03T14:48:06Z">
      <class name="com.eHo.testcases.eHO_TC_029">
        <test-method status="PASS" signature="setUp()[pri:0, instance:com.eHo.testcases.eHO_TC_029@1f7030a6]" name="setUp" is-config="true" duration-ms="21" started-at="2018-05-03T10:47:48Z" finished-at="2018-05-03T10:47:48Z">
          <reporter-output>
          </reporter-output>
        </test-method> <!-- setUp -->
        <test-method status="PASS" signature="TC_028Test()[pri:0, instance:com.eHo.testcases.eHO_TC_029@1f7030a6]" name="TC_028Test" duration-ms="17127" started-at="2018-05-03T10:47:48Z" finished-at="2018-05-03T10:48:05Z">
          <reporter-output>
          </reporter-output>
        </test-method> <!-- TC_028Test -->
        <test-method status="PASS" signature="tearDown(org.testng.ITestResult)[pri:0, instance:com.eHo.testcases.eHO_TC_029@1f7030a6]" name="tearDown" is-config="true" duration-ms="527" started-at="2018-05-03T10:48:05Z" finished-at="2018-05-03T10:48:06Z">
          <params>
            <param index="0">
              <value>
                <![CDATA[[TestResult name=TC_028Test status=SUCCESS method=eHO_TC_029.TC_028Test()[pri:0, instance:com.eHo.testcases.eHO_TC_029@1f7030a6] output={null}]]]>
              </value>
            </param>
          </params>
          <reporter-output>
          </reporter-output>
        </test-method> <!-- tearDown -->
      </class> <!-- com.eHo.testcases.eHO_TC_029 -->
    </test> <!--  Test case TC 29 -->
  </suite> <!-- eHo Version 5.5 -->
</testng-results>
