<?xml version="1.0" encoding="UTF-8"?>
<testng-results skipped="0" failed="0" ignored="0" total="1" passed="1">
  <reporter-output>
  </reporter-output>
  <suite name="Default suite" duration-ms="46136" started-at="2018-05-17T16:03:18Z" finished-at="2018-05-17T16:04:04Z">
    <groups>
    </groups>
    <test name="Default test" duration-ms="46136" started-at="2018-05-17T16:03:18Z" finished-at="2018-05-17T16:04:04Z">
      <class name="com.eHo.testcases.eH0_TC_000">
        <test-method status="PASS" signature="setUp()[pri:0, instance:com.eHo.testcases.eH0_TC_000@bd8db5a]" name="setUp" is-config="true" duration-ms="130" started-at="2018-05-17T12:03:18Z" finished-at="2018-05-17T12:03:18Z">
          <reporter-output>
          </reporter-output>
        </test-method> <!-- setUp -->
        <test-method status="PASS" signature="TC_000Test()[pri:0, instance:com.eHo.testcases.eH0_TC_000@bd8db5a]" name="TC_000Test" duration-ms="44394" started-at="2018-05-17T12:03:18Z" finished-at="2018-05-17T12:04:03Z">
          <reporter-output>
          </reporter-output>
        </test-method> <!-- TC_000Test -->
        <test-method status="PASS" signature="tearDown(org.testng.ITestResult)[pri:0, instance:com.eHo.testcases.eH0_TC_000@bd8db5a]" name="tearDown" is-config="true" duration-ms="1545" started-at="2018-05-17T12:04:03Z" finished-at="2018-05-17T12:04:04Z">
          <params>
            <param index="0">
              <value>
                <![CDATA[[TestResult name=TC_000Test status=SUCCESS method=eH0_TC_000.TC_000Test()[pri:0, instance:com.eHo.testcases.eH0_TC_000@bd8db5a] output={null}]]]>
              </value>
            </param>
          </params>
          <reporter-output>
          </reporter-output>
        </test-method> <!-- tearDown -->
      </class> <!-- com.eHo.testcases.eH0_TC_000 -->
    </test> <!-- Default test -->
  </suite> <!-- Default suite -->
</testng-results>
