<?xml version="1.0" encoding="UTF-8"?>
<testng-results skipped="0" failed="0" ignored="0" total="1" passed="1">
  <reporter-output>
  </reporter-output>
  <suite name="Default suite" duration-ms="37226" started-at="2018-05-03T14:19:58Z" finished-at="2018-05-03T14:20:35Z">
    <groups>
    </groups>
    <test name="Default test" duration-ms="37226" started-at="2018-05-03T14:19:58Z" finished-at="2018-05-03T14:20:35Z">
      <class name="com.eHo.testcases.eHO_TC_002">
        <test-method status="PASS" signature="setUp()[pri:0, instance:com.eHo.testcases.eHO_TC_002@bd8db5a]" name="setUp" is-config="true" duration-ms="137" started-at="2018-05-03T10:19:58Z" finished-at="2018-05-03T10:19:58Z">
          <reporter-output>
          </reporter-output>
        </test-method> <!-- setUp -->
        <test-method status="PASS" signature="TC_002Test()[pri:0, instance:com.eHo.testcases.eHO_TC_002@bd8db5a]" name="TC_002Test" duration-ms="35468" started-at="2018-05-03T10:19:58Z" finished-at="2018-05-03T10:20:34Z">
          <reporter-output>
          </reporter-output>
        </test-method> <!-- TC_002Test -->
        <test-method status="PASS" signature="tearDown(org.testng.ITestResult)[pri:0, instance:com.eHo.testcases.eHO_TC_002@bd8db5a]" name="tearDown" is-config="true" duration-ms="1551" started-at="2018-05-03T10:20:34Z" finished-at="2018-05-03T10:20:35Z">
          <params>
            <param index="0">
              <value>
                <![CDATA[[TestResult name=TC_002Test status=SUCCESS method=eHO_TC_002.TC_002Test()[pri:0, instance:com.eHo.testcases.eHO_TC_002@bd8db5a] output={null}]]]>
              </value>
            </param>
          </params>
          <reporter-output>
          </reporter-output>
        </test-method> <!-- tearDown -->
      </class> <!-- com.eHo.testcases.eHO_TC_002 -->
    </test> <!-- Default test -->
  </suite> <!-- Default suite -->
</testng-results>
